<?xml version="1.0" encoding="UTF-8"?>
<testsuite name="com.personaluniversity.app.data.spacedrepetition.Sm2SchedulerTest" tests="6" skipped="0" failures="0" errors="0" timestamp="2026-09-01T15:24:57" hostname="LAPTOP-LU8LPANU" time="0.019">
  <properties/>
  <testcase name="testFirstReviewGood" classname="com.personaluniversity.app.data.spacedrepetition.Sm2SchedulerTest" time="0.007"/>
  <testcase name="testEaseFactorDoesNotDropBelowMinimum" classname="com.personaluniversity.app.data.spacedrepetition.Sm2SchedulerTest" time="0.0"/>
  <testcase name="testAntiBurnoutQueueCapping" classname="com.personaluniversity.app.data.spacedrepetition.Sm2SchedulerTest" time="0.01"/>
  <testcase name="testSecondReviewGood" classname="com.personaluniversity.app.data.spacedrepetition.Sm2SchedulerTest" time="0.0"/>
  <testcase name="testThirdReviewGood" classname="com.personaluniversity.app.data.spacedrepetition.Sm2SchedulerTest" time="0.0"/>
  <testcase name="testFailedRecallResetsRepetitionsAndSchedulesTomorrow" classname="com.personaluniversity.app.data.spacedrepetition.Sm2SchedulerTest" time="0.0"/>
  <system-out><![CDATA[]]></system-out>
  <system-err><![CDATA[]]></system-err>
</testsuite>
